[debug] [2022-09-25T00:53:05.969Z] ----------------------------------------------------------------------
[debug] [2022-09-25T00:53:05.970Z] Command:       /home/rodcode/.nvm/versions/node/v14.18.0/bin/node /home/rodcode/.nvm/versions/node/v14.18.0/bin/firebase init
[debug] [2022-09-25T00:53:05.970Z] CLI Version:   11.1.0
[debug] [2022-09-25T00:53:05.971Z] Platform:      linux
[debug] [2022-09-25T00:53:05.971Z] Node Version:  v14.18.0
[debug] [2022-09-25T00:53:05.971Z] Time:          Sat Sep 24 2022 19:53:05 GMT-0500 (Colombia Standard Time)
[debug] [2022-09-25T00:53:05.971Z] ----------------------------------------------------------------------
[debug] 
[debug] [2022-09-25T00:53:05.975Z] > command requires scopes: ["email","openid","https://www.googleapis.com/auth/cloudplatformprojects.readonly","https://www.googleapis.com/auth/firebase","https://www.googleapis.com/auth/cloud-platform"]
[debug] [2022-09-25T00:53:05.975Z] > authorizing via signed-in user (kusqidev@gmail.com)
[info] 
     ######## #### ########  ######## ########     ###     ######  ########
     ##        ##  ##     ## ##       ##     ##  ##   ##  ##       ##
     ######    ##  ########  ######   ########  #########  ######  ######
     ##        ##  ##    ##  ##       ##     ## ##     ##       ## ##
     ##       #### ##     ## ######## ########  ##     ##  ######  ########

You're about to initialize a Firebase project in this directory:

  /home/rodcode/projects/kdev/web-page-cte

[info] 
=== Project Setup
[info] 
[info] First, let's associate this project directory with a Firebase project.
[info] You can create multiple project aliases by running firebase use --add, 
[info] but for now we'll just set up a default project.
[info] 
[debug] [2022-09-25T00:53:10.733Z] >>> [apiv2][query] GET https://firebase.googleapis.com/v1beta1/projects pageSize=100
[debug] [2022-09-25T00:53:12.112Z] <<< [apiv2][status] GET https://firebase.googleapis.com/v1beta1/projects 200
[debug] [2022-09-25T00:53:12.113Z] <<< [apiv2][body] GET https://firebase.googleapis.com/v1beta1/projects [omitted]
[info] i  Using project cte-web-page (cte-web-page) 
[info] 
=== Hosting Setup
[info] 
[info] Your public directory is the folder (relative to your project directory) that
[info] will contain Hosting assets to be uploaded with firebase deploy. If you
[info] have a build process for your assets, use your build's output directory.
[info] 
